<?xml version="1.0" encoding="UTF-8"?>
<!-- Generated by org.testng.reporters.JUnitReportReporter -->
<testsuite hostname="DESKTOP-NAB867H" failures="0" tests="2" name="testRunner.Run" time="24.215" errors="0" timestamp="2023-01-31T13:42:09 IST" skipped="0">
  <testcase classname="testRunner.Run" name="runScenario" time="9.499"/>
  <system-out/>
  <testcase classname="testRunner.Run" name="runScenario" time="14.716"/>
  <system-out/>
</testsuite> <!-- testRunner.Run -->
